Arguments: 
  C:\Program Files\nodejs\node.exe C:\Users\Dinh\AppData\Roaming\npm\node_modules\yarn\bin\yarn.js start

PATH: 
  C:\Program Files (x86)\NVIDIA Corporation\PhysX\Common;C:\ProgramData\Oracle\Java\javapath;C:\WINDOWS\system32;C:\WINDOWS;C:\WINDOWS\System32\Wbem;C:\WINDOWS\System32\WindowsPowerShell\v1.0\;C:\Program Files\Hewlett-Packard\SimplePass\;C:\Program Files (x86)\Windows Live\Shared;C:\Program Files (x86)\ATI Technologies\ATI.ACE\Core-Static;C:\Program Files (x86)\AMD\ATI.ACE\Core-Static;C:\Program Files (x86)\Skype\Phone\;C:\Program Files\Git\cmd;C:\Program Files\nodejs\;C:\Users\Dinh\AppData\Local\Programs\Python\Python36-32\Scripts\;C:\Users\Dinh\AppData\Local\Programs\Python\Python36-32\;C:\Users\Dinh\AppData\Local\Microsoft\WindowsApps;C:\Program Files\Microsoft VS Code\bin;C:\Users\Dinh\AppData\Roaming\npm;C:\Program Files\MongoDB\Server\3.6\bin;

Yarn version: 
  1.5.1

Node version: 
  8.9.4

Platform: 
  win32 x64

npm manifest: 
  No manifest

yarn manifest: 
  No manifest

Lockfile: 
  No lockfile

Trace: 
  Error: Couldn't find a package.json file in "C:\\Users\\Dinh\\Desktop\\Web 11\\React"
      at new MessageError (C:\Users\Dinh\AppData\Roaming\npm\node_modules\yarn\lib\cli.js:186:110)
      at C:\Users\Dinh\AppData\Roaming\npm\node_modules\yarn\lib\cli.js:40048:15
      at Generator.next (<anonymous>)
      at step (C:\Users\Dinh\AppData\Roaming\npm\node_modules\yarn\lib\cli.js:98:30)
      at C:\Users\Dinh\AppData\Roaming\npm\node_modules\yarn\lib\cli.js:109:13
      at <anonymous>
